<?xml version="1.0" encoding="UTF-8"?>
<testsuite xmlns:xsi="http://www.w3.org/2001/XMLSchema-instance" xsi:noNamespaceSchemaLocation="https://maven.apache.org/surefire/maven-surefire-plugin/xsd/surefire-test-report.xsd" name="com.gy.MyblogApplicationTests" time="12.047" tests="1" errors="0" skipped="0" failures="0">
  <properties>
    <property name="sun.desktop" value="windows"/>
    <property name="awt.toolkit" value="sun.awt.windows.WToolkit"/>
    <property name="java.specification.version" value="11"/>
    <property name="sun.cpu.isalist" value="amd64"/>
    <property name="sun.jnu.encoding" value="GBK"/>
    <property name="java.class.path" value="D:\maven\springboot\github项目资源\myblog-mybatis-master\target\test-classes;D:\maven\springboot\github项目资源\myblog-mybatis-master\target\classes;D:\maven\repository\com\alibaba\fastjson\1.2.78\fastjson-1.2.78.jar;D:\maven\repository\org\springframework\boot\spring-boot-starter-data-redis\2.2.5.RELEASE\spring-boot-starter-data-redis-2.2.5.RELEASE.jar;D:\maven\repository\org\springframework\boot\spring-boot-starter\2.2.5.RELEASE\spring-boot-starter-2.2.5.RELEASE.jar;D:\maven\repository\org\springframework\boot\spring-boot-starter-logging\2.2.5.RELEASE\spring-boot-starter-logging-2.2.5.RELEASE.jar;D:\maven\repository\ch\qos\logback\logback-classic\1.2.3\logback-classic-1.2.3.jar;D:\maven\repository\ch\qos\logback\logback-core\1.2.3\logback-core-1.2.3.jar;D:\maven\repository\org\apache\logging\log4j\log4j-to-slf4j\2.12.1\log4j-to-slf4j-2.12.1.jar;D:\maven\repository\org\apache\logging\log4j\log4j-api\2.12.1\log4j-api-2.12.1.jar;D:\maven\repository\org\slf4j\jul-to-slf4j\1.7.30\jul-to-slf4j-1.7.30.jar;D:\maven\repository\jakarta\annotation\jakarta.annotation-api\1.3.5\jakarta.annotation-api-1.3.5.jar;D:\maven\repository\org\yaml\snakeyaml\1.25\snakeyaml-1.25.jar;D:\maven\repository\org\springframework\data\spring-data-redis\2.2.5.RELEASE\spring-data-redis-2.2.5.RELEASE.jar;D:\maven\repository\org\springframework\data\spring-data-keyvalue\2.2.5.RELEASE\spring-data-keyvalue-2.2.5.RELEASE.jar;D:\maven\repository\org\springframework\data\spring-data-commons\2.2.5.RELEASE\spring-data-commons-2.2.5.RELEASE.jar;D:\maven\repository\org\springframework\spring-tx\5.2.4.RELEASE\spring-tx-5.2.4.RELEASE.jar;D:\maven\repository\org\springframework\spring-oxm\5.2.4.RELEASE\spring-oxm-5.2.4.RELEASE.jar;D:\maven\repository\org\springframework\spring-context-support\5.2.4.RELEASE\spring-context-support-5.2.4.RELEASE.jar;D:\maven\repository\org\slf4j\slf4j-api\1.7.30\slf4j-api-1.7.30.jar;D:\maven\repository\io\lettuce\lettuce-core\5.2.2.RELEASE\lettuce-core-5.2.2.RELEASE.jar;D:\maven\repository\io\netty\netty-common\4.1.45.Final\netty-common-4.1.45.Final.jar;D:\maven\repository\io\netty\netty-handler\4.1.45.Final\netty-handler-4.1.45.Final.jar;D:\maven\repository\io\netty\netty-buffer\4.1.45.Final\netty-buffer-4.1.45.Final.jar;D:\maven\repository\io\netty\netty-codec\4.1.45.Final\netty-codec-4.1.45.Final.jar;D:\maven\repository\io\netty\netty-transport\4.1.45.Final\netty-transport-4.1.45.Final.jar;D:\maven\repository\io\netty\netty-resolver\4.1.45.Final\netty-resolver-4.1.45.Final.jar;D:\maven\repository\io\projectreactor\reactor-core\3.3.3.RELEASE\reactor-core-3.3.3.RELEASE.jar;D:\maven\repository\org\reactivestreams\reactive-streams\1.0.3\reactive-streams-1.0.3.jar;D:\maven\repository\org\springframework\boot\spring-boot-starter-thymeleaf\2.2.5.RELEASE\spring-boot-starter-thymeleaf-2.2.5.RELEASE.jar;D:\maven\repository\org\thymeleaf\thymeleaf-spring5\3.0.11.RELEASE\thymeleaf-spring5-3.0.11.RELEASE.jar;D:\maven\repository\org\thymeleaf\thymeleaf\3.0.11.RELEASE\thymeleaf-3.0.11.RELEASE.jar;D:\maven\repository\org\attoparser\attoparser\2.0.5.RELEASE\attoparser-2.0.5.RELEASE.jar;D:\maven\repository\org\unbescape\unbescape\1.1.6.RELEASE\unbescape-1.1.6.RELEASE.jar;D:\maven\repository\org\thymeleaf\extras\thymeleaf-extras-java8time\3.0.4.RELEASE\thymeleaf-extras-java8time-3.0.4.RELEASE.jar;D:\maven\repository\org\springframework\boot\spring-boot-starter-aop\2.2.5.RELEASE\spring-boot-starter-aop-2.2.5.RELEASE.jar;D:\maven\repository\org\springframework\spring-aop\5.2.4.RELEASE\spring-aop-5.2.4.RELEASE.jar;D:\maven\repository\org\springframework\spring-beans\5.2.4.RELEASE\spring-beans-5.2.4.RELEASE.jar;D:\maven\repository\org\aspectj\aspectjweaver\1.9.5\aspectjweaver-1.9.5.jar;D:\maven\repository\org\springframework\boot\spring-boot-starter-web\2.2.5.RELEASE\spring-boot-starter-web-2.2.5.RELEASE.jar;D:\maven\repository\org\springframework\boot\spring-boot-starter-json\2.2.5.RELEASE\spring-boot-starter-json-2.2.5.RELEASE.jar;D:\maven\repository\com\fasterxml\jackson\core\jackson-databind\2.10.2\jackson-databind-2.10.2.jar;D:\maven\repository\com\fasterxml\jackson\core\jackson-annotations\2.10.2\jackson-annotations-2.10.2.jar;D:\maven\repository\com\fasterxml\jackson\core\jackson-core\2.10.2\jackson-core-2.10.2.jar;D:\maven\repository\com\fasterxml\jackson\datatype\jackson-datatype-jdk8\2.10.2\jackson-datatype-jdk8-2.10.2.jar;D:\maven\repository\com\fasterxml\jackson\datatype\jackson-datatype-jsr310\2.10.2\jackson-datatype-jsr310-2.10.2.jar;D:\maven\repository\com\fasterxml\jackson\module\jackson-module-parameter-names\2.10.2\jackson-module-parameter-names-2.10.2.jar;D:\maven\repository\org\springframework\boot\spring-boot-starter-tomcat\2.2.5.RELEASE\spring-boot-starter-tomcat-2.2.5.RELEASE.jar;D:\maven\repository\org\apache\tomcat\embed\tomcat-embed-core\9.0.31\tomcat-embed-core-9.0.31.jar;D:\maven\repository\org\apache\tomcat\embed\tomcat-embed-el\9.0.31\tomcat-embed-el-9.0.31.jar;D:\maven\repository\org\apache\tomcat\embed\tomcat-embed-websocket\9.0.31\tomcat-embed-websocket-9.0.31.jar;D:\maven\repository\org\springframework\boot\spring-boot-starter-validation\2.2.5.RELEASE\spring-boot-starter-validation-2.2.5.RELEASE.jar;D:\maven\repository\jakarta\validation\jakarta.validation-api\2.0.2\jakarta.validation-api-2.0.2.jar;D:\maven\repository\org\hibernate\validator\hibernate-validator\6.0.18.Final\hibernate-validator-6.0.18.Final.jar;D:\maven\repository\org\jboss\logging\jboss-logging\3.4.1.Final\jboss-logging-3.4.1.Final.jar;D:\maven\repository\com\fasterxml\classmate\1.5.1\classmate-1.5.1.jar;D:\maven\repository\org\springframework\spring-web\5.2.4.RELEASE\spring-web-5.2.4.RELEASE.jar;D:\maven\repository\org\springframework\spring-webmvc\5.2.4.RELEASE\spring-webmvc-5.2.4.RELEASE.jar;D:\maven\repository\org\springframework\spring-context\5.2.4.RELEASE\spring-context-5.2.4.RELEASE.jar;D:\maven\repository\org\springframework\spring-expression\5.2.4.RELEASE\spring-expression-5.2.4.RELEASE.jar;D:\maven\repository\org\mybatis\spring\boot\mybatis-spring-boot-starter\2.1.2\mybatis-spring-boot-starter-2.1.2.jar;D:\maven\repository\org\springframework\boot\spring-boot-starter-jdbc\2.2.5.RELEASE\spring-boot-starter-jdbc-2.2.5.RELEASE.jar;D:\maven\repository\com\zaxxer\HikariCP\3.4.2\HikariCP-3.4.2.jar;D:\maven\repository\org\springframework\spring-jdbc\5.2.4.RELEASE\spring-jdbc-5.2.4.RELEASE.jar;D:\maven\repository\org\mybatis\spring\boot\mybatis-spring-boot-autoconfigure\2.1.2\mybatis-spring-boot-autoconfigure-2.1.2.jar;D:\maven\repository\org\mybatis\mybatis\3.5.4\mybatis-3.5.4.jar;D:\maven\repository\org\mybatis\mybatis-spring\2.0.4\mybatis-spring-2.0.4.jar;D:\maven\repository\org\springframework\boot\spring-boot-devtools\2.2.5.RELEASE\spring-boot-devtools-2.2.5.RELEASE.jar;D:\maven\repository\org\springframework\boot\spring-boot\2.2.5.RELEASE\spring-boot-2.2.5.RELEASE.jar;D:\maven\repository\org\springframework\boot\spring-boot-autoconfigure\2.2.5.RELEASE\spring-boot-autoconfigure-2.2.5.RELEASE.jar;D:\maven\repository\mysql\mysql-connector-java\8.0.19\mysql-connector-java-8.0.19.jar;D:\maven\repository\org\springframework\boot\spring-boot-starter-test\2.2.5.RELEASE\spring-boot-starter-test-2.2.5.RELEASE.jar;D:\maven\repository\org\springframework\boot\spring-boot-test\2.2.5.RELEASE\spring-boot-test-2.2.5.RELEASE.jar;D:\maven\repository\org\springframework\boot\spring-boot-test-autoconfigure\2.2.5.RELEASE\spring-boot-test-autoconfigure-2.2.5.RELEASE.jar;D:\maven\repository\com\jayway\jsonpath\json-path\2.4.0\json-path-2.4.0.jar;D:\maven\repository\net\minidev\json-smart\2.3\json-smart-2.3.jar;D:\maven\repository\net\minidev\accessors-smart\1.2\accessors-smart-1.2.jar;D:\maven\repository\org\ow2\asm\asm\5.0.4\asm-5.0.4.jar;D:\maven\repository\jakarta\xml\bind\jakarta.xml.bind-api\2.3.2\jakarta.xml.bind-api-2.3.2.jar;D:\maven\repository\jakarta\activation\jakarta.activation-api\1.2.2\jakarta.activation-api-1.2.2.jar;D:\maven\repository\org\junit\jupiter\junit-jupiter\5.5.2\junit-jupiter-5.5.2.jar;D:\maven\repository\org\junit\jupiter\junit-jupiter-api\5.5.2\junit-jupiter-api-5.5.2.jar;D:\maven\repository\org\apiguardian\apiguardian-api\1.1.0\apiguardian-api-1.1.0.jar;D:\maven\repository\org\opentest4j\opentest4j\1.2.0\opentest4j-1.2.0.jar;D:\maven\repository\org\junit\platform\junit-platform-commons\1.5.2\junit-platform-commons-1.5.2.jar;D:\maven\repository\org\junit\jupiter\junit-jupiter-params\5.5.2\junit-jupiter-params-5.5.2.jar;D:\maven\repository\org\junit\jupiter\junit-jupiter-engine\5.5.2\junit-jupiter-engine-5.5.2.jar;D:\maven\repository\org\junit\platform\junit-platform-engine\1.5.2\junit-platform-engine-1.5.2.jar;D:\maven\repository\org\mockito\mockito-junit-jupiter\3.1.0\mockito-junit-jupiter-3.1.0.jar;D:\maven\repository\org\assertj\assertj-core\3.13.2\assertj-core-3.13.2.jar;D:\maven\repository\org\hamcrest\hamcrest\2.1\hamcrest-2.1.jar;D:\maven\repository\org\mockito\mockito-core\3.1.0\mockito-core-3.1.0.jar;D:\maven\repository\net\bytebuddy\byte-buddy\1.10.8\byte-buddy-1.10.8.jar;D:\maven\repository\net\bytebuddy\byte-buddy-agent\1.10.8\byte-buddy-agent-1.10.8.jar;D:\maven\repository\org\objenesis\objenesis\2.6\objenesis-2.6.jar;D:\maven\repository\org\skyscreamer\jsonassert\1.5.0\jsonassert-1.5.0.jar;D:\maven\repository\com\vaadin\external\google\android-json\0.0.20131108.vaadin1\android-json-0.0.20131108.vaadin1.jar;D:\maven\repository\org\springframework\spring-core\5.2.4.RELEASE\spring-core-5.2.4.RELEASE.jar;D:\maven\repository\org\springframework\spring-jcl\5.2.4.RELEASE\spring-jcl-5.2.4.RELEASE.jar;D:\maven\repository\org\springframework\spring-test\5.2.4.RELEASE\spring-test-5.2.4.RELEASE.jar;D:\maven\repository\org\xmlunit\xmlunit-core\2.6.3\xmlunit-core-2.6.3.jar;D:\maven\repository\com\atlassian\commonmark\commonmark\0.10.0\commonmark-0.10.0.jar;D:\maven\repository\com\atlassian\commonmark\commonmark-ext-heading-anchor\0.10.0\commonmark-ext-heading-anchor-0.10.0.jar;D:\maven\repository\com\atlassian\commonmark\commonmark-ext-gfm-tables\0.10.0\commonmark-ext-gfm-tables-0.10.0.jar;D:\maven\repository\com\github\pagehelper\pagehelper-spring-boot-starter\1.2.12\pagehelper-spring-boot-starter-1.2.12.jar;D:\maven\repository\com\github\pagehelper\pagehelper-spring-boot-autoconfigure\1.2.12\pagehelper-spring-boot-autoconfigure-1.2.12.jar;D:\maven\repository\com\github\pagehelper\pagehelper\5.1.10\pagehelper-5.1.10.jar;D:\maven\repository\com\github\jsqlparser\jsqlparser\2.0\jsqlparser-2.0.jar;D:\maven\repository\org\projectlombok\lombok\1.18.20\lombok-1.18.20.jar;D:\maven\repository\org\springframework\boot\spring-boot-configuration-processor\2.2.5.RELEASE\spring-boot-configuration-processor-2.2.5.RELEASE.jar;D:\maven\repository\com\alipay\sdk\alipay-sdk-java\4.9.28.ALL\alipay-sdk-java-4.9.28.ALL.jar;D:\maven\repository\commons-logging\commons-logging\1.1.1\commons-logging-1.1.1.jar;D:\maven\repository\org\bouncycastle\bcprov-jdk15on\1.62\bcprov-jdk15on-1.62.jar;"/>
    <property name="java.vm.vendor" value="JetBrains s.r.o"/>
    <property name="sun.arch.data.model" value="64"/>
    <property name="user.variant" value=""/>
    <property name="java.vendor.url" value="https://www.jetbrains.com/"/>
    <property name="user.timezone" value="Asia/Shanghai"/>
    <property name="java.vm.specification.version" value="11"/>
    <property name="os.name" value="Windows 7"/>
    <property name="sun.java.launcher" value="SUN_STANDARD"/>
    <property name="user.country" value="CN"/>
    <property name="sun.boot.library.path" value="C:\Program Files\JetBrains\IntelliJ IDEA 2019.2.2\jbr\bin"/>
    <property name="sun.java.command" value="C:\Users\ADMINI~1\AppData\Local\Temp\surefire5798587643480488059\surefirebooter555110863207225133.jar C:\Users\Administrator\AppData\Local\Temp\surefire5798587643480488059 2021-11-21T15-58-57_689-jvmRun1 surefire736918435499686772tmp surefire_011301481412917614343tmp"/>
    <property name="jdk.debug" value="release"/>
    <property name="surefire.test.class.path" value="D:\maven\springboot\github项目资源\myblog-mybatis-master\target\test-classes;D:\maven\springboot\github项目资源\myblog-mybatis-master\target\classes;D:\maven\repository\com\alibaba\fastjson\1.2.78\fastjson-1.2.78.jar;D:\maven\repository\org\springframework\boot\spring-boot-starter-data-redis\2.2.5.RELEASE\spring-boot-starter-data-redis-2.2.5.RELEASE.jar;D:\maven\repository\org\springframework\boot\spring-boot-starter\2.2.5.RELEASE\spring-boot-starter-2.2.5.RELEASE.jar;D:\maven\repository\org\springframework\boot\spring-boot-starter-logging\2.2.5.RELEASE\spring-boot-starter-logging-2.2.5.RELEASE.jar;D:\maven\repository\ch\qos\logback\logback-classic\1.2.3\logback-classic-1.2.3.jar;D:\maven\repository\ch\qos\logback\logback-core\1.2.3\logback-core-1.2.3.jar;D:\maven\repository\org\apache\logging\log4j\log4j-to-slf4j\2.12.1\log4j-to-slf4j-2.12.1.jar;D:\maven\repository\org\apache\logging\log4j\log4j-api\2.12.1\log4j-api-2.12.1.jar;D:\maven\repository\org\slf4j\jul-to-slf4j\1.7.30\jul-to-slf4j-1.7.30.jar;D:\maven\repository\jakarta\annotation\jakarta.annotation-api\1.3.5\jakarta.annotation-api-1.3.5.jar;D:\maven\repository\org\yaml\snakeyaml\1.25\snakeyaml-1.25.jar;D:\maven\repository\org\springframework\data\spring-data-redis\2.2.5.RELEASE\spring-data-redis-2.2.5.RELEASE.jar;D:\maven\repository\org\springframework\data\spring-data-keyvalue\2.2.5.RELEASE\spring-data-keyvalue-2.2.5.RELEASE.jar;D:\maven\repository\org\springframework\data\spring-data-commons\2.2.5.RELEASE\spring-data-commons-2.2.5.RELEASE.jar;D:\maven\repository\org\springframework\spring-tx\5.2.4.RELEASE\spring-tx-5.2.4.RELEASE.jar;D:\maven\repository\org\springframework\spring-oxm\5.2.4.RELEASE\spring-oxm-5.2.4.RELEASE.jar;D:\maven\repository\org\springframework\spring-context-support\5.2.4.RELEASE\spring-context-support-5.2.4.RELEASE.jar;D:\maven\repository\org\slf4j\slf4j-api\1.7.30\slf4j-api-1.7.30.jar;D:\maven\repository\io\lettuce\lettuce-core\5.2.2.RELEASE\lettuce-core-5.2.2.RELEASE.jar;D:\maven\repository\io\netty\netty-common\4.1.45.Final\netty-common-4.1.45.Final.jar;D:\maven\repository\io\netty\netty-handler\4.1.45.Final\netty-handler-4.1.45.Final.jar;D:\maven\repository\io\netty\netty-buffer\4.1.45.Final\netty-buffer-4.1.45.Final.jar;D:\maven\repository\io\netty\netty-codec\4.1.45.Final\netty-codec-4.1.45.Final.jar;D:\maven\repository\io\netty\netty-transport\4.1.45.Final\netty-transport-4.1.45.Final.jar;D:\maven\repository\io\netty\netty-resolver\4.1.45.Final\netty-resolver-4.1.45.Final.jar;D:\maven\repository\io\projectreactor\reactor-core\3.3.3.RELEASE\reactor-core-3.3.3.RELEASE.jar;D:\maven\repository\org\reactivestreams\reactive-streams\1.0.3\reactive-streams-1.0.3.jar;D:\maven\repository\org\springframework\boot\spring-boot-starter-thymeleaf\2.2.5.RELEASE\spring-boot-starter-thymeleaf-2.2.5.RELEASE.jar;D:\maven\repository\org\thymeleaf\thymeleaf-spring5\3.0.11.RELEASE\thymeleaf-spring5-3.0.11.RELEASE.jar;D:\maven\repository\org\thymeleaf\thymeleaf\3.0.11.RELEASE\thymeleaf-3.0.11.RELEASE.jar;D:\maven\repository\org\attoparser\attoparser\2.0.5.RELEASE\attoparser-2.0.5.RELEASE.jar;D:\maven\repository\org\unbescape\unbescape\1.1.6.RELEASE\unbescape-1.1.6.RELEASE.jar;D:\maven\repository\org\thymeleaf\extras\thymeleaf-extras-java8time\3.0.4.RELEASE\thymeleaf-extras-java8time-3.0.4.RELEASE.jar;D:\maven\repository\org\springframework\boot\spring-boot-starter-aop\2.2.5.RELEASE\spring-boot-starter-aop-2.2.5.RELEASE.jar;D:\maven\repository\org\springframework\spring-aop\5.2.4.RELEASE\spring-aop-5.2.4.RELEASE.jar;D:\maven\repository\org\springframework\spring-beans\5.2.4.RELEASE\spring-beans-5.2.4.RELEASE.jar;D:\maven\repository\org\aspectj\aspectjweaver\1.9.5\aspectjweaver-1.9.5.jar;D:\maven\repository\org\springframework\boot\spring-boot-starter-web\2.2.5.RELEASE\spring-boot-starter-web-2.2.5.RELEASE.jar;D:\maven\repository\org\springframework\boot\spring-boot-starter-json\2.2.5.RELEASE\spring-boot-starter-json-2.2.5.RELEASE.jar;D:\maven\repository\com\fasterxml\jackson\core\jackson-databind\2.10.2\jackson-databind-2.10.2.jar;D:\maven\repository\com\fasterxml\jackson\core\jackson-annotations\2.10.2\jackson-annotations-2.10.2.jar;D:\maven\repository\com\fasterxml\jackson\core\jackson-core\2.10.2\jackson-core-2.10.2.jar;D:\maven\repository\com\fasterxml\jackson\datatype\jackson-datatype-jdk8\2.10.2\jackson-datatype-jdk8-2.10.2.jar;D:\maven\repository\com\fasterxml\jackson\datatype\jackson-datatype-jsr310\2.10.2\jackson-datatype-jsr310-2.10.2.jar;D:\maven\repository\com\fasterxml\jackson\module\jackson-module-parameter-names\2.10.2\jackson-module-parameter-names-2.10.2.jar;D:\maven\repository\org\springframework\boot\spring-boot-starter-tomcat\2.2.5.RELEASE\spring-boot-starter-tomcat-2.2.5.RELEASE.jar;D:\maven\repository\org\apache\tomcat\embed\tomcat-embed-core\9.0.31\tomcat-embed-core-9.0.31.jar;D:\maven\repository\org\apache\tomcat\embed\tomcat-embed-el\9.0.31\tomcat-embed-el-9.0.31.jar;D:\maven\repository\org\apache\tomcat\embed\tomcat-embed-websocket\9.0.31\tomcat-embed-websocket-9.0.31.jar;D:\maven\repository\org\springframework\boot\spring-boot-starter-validation\2.2.5.RELEASE\spring-boot-starter-validation-2.2.5.RELEASE.jar;D:\maven\repository\jakarta\validation\jakarta.validation-api\2.0.2\jakarta.validation-api-2.0.2.jar;D:\maven\repository\org\hibernate\validator\hibernate-validator\6.0.18.Final\hibernate-validator-6.0.18.Final.jar;D:\maven\repository\org\jboss\logging\jboss-logging\3.4.1.Final\jboss-logging-3.4.1.Final.jar;D:\maven\repository\com\fasterxml\classmate\1.5.1\classmate-1.5.1.jar;D:\maven\repository\org\springframework\spring-web\5.2.4.RELEASE\spring-web-5.2.4.RELEASE.jar;D:\maven\repository\org\springframework\spring-webmvc\5.2.4.RELEASE\spring-webmvc-5.2.4.RELEASE.jar;D:\maven\repository\org\springframework\spring-context\5.2.4.RELEASE\spring-context-5.2.4.RELEASE.jar;D:\maven\repository\org\springframework\spring-expression\5.2.4.RELEASE\spring-expression-5.2.4.RELEASE.jar;D:\maven\repository\org\mybatis\spring\boot\mybatis-spring-boot-starter\2.1.2\mybatis-spring-boot-starter-2.1.2.jar;D:\maven\repository\org\springframework\boot\spring-boot-starter-jdbc\2.2.5.RELEASE\spring-boot-starter-jdbc-2.2.5.RELEASE.jar;D:\maven\repository\com\zaxxer\HikariCP\3.4.2\HikariCP-3.4.2.jar;D:\maven\repository\org\springframework\spring-jdbc\5.2.4.RELEASE\spring-jdbc-5.2.4.RELEASE.jar;D:\maven\repository\org\mybatis\spring\boot\mybatis-spring-boot-autoconfigure\2.1.2\mybatis-spring-boot-autoconfigure-2.1.2.jar;D:\maven\repository\org\mybatis\mybatis\3.5.4\mybatis-3.5.4.jar;D:\maven\repository\org\mybatis\mybatis-spring\2.0.4\mybatis-spring-2.0.4.jar;D:\maven\repository\org\springframework\boot\spring-boot-devtools\2.2.5.RELEASE\spring-boot-devtools-2.2.5.RELEASE.jar;D:\maven\repository\org\springframework\boot\spring-boot\2.2.5.RELEASE\spring-boot-2.2.5.RELEASE.jar;D:\maven\repository\org\springframework\boot\spring-boot-autoconfigure\2.2.5.RELEASE\spring-boot-autoconfigure-2.2.5.RELEASE.jar;D:\maven\repository\mysql\mysql-connector-java\8.0.19\mysql-connector-java-8.0.19.jar;D:\maven\repository\org\springframework\boot\spring-boot-starter-test\2.2.5.RELEASE\spring-boot-starter-test-2.2.5.RELEASE.jar;D:\maven\repository\org\springframework\boot\spring-boot-test\2.2.5.RELEASE\spring-boot-test-2.2.5.RELEASE.jar;D:\maven\repository\org\springframework\boot\spring-boot-test-autoconfigure\2.2.5.RELEASE\spring-boot-test-autoconfigure-2.2.5.RELEASE.jar;D:\maven\repository\com\jayway\jsonpath\json-path\2.4.0\json-path-2.4.0.jar;D:\maven\repository\net\minidev\json-smart\2.3\json-smart-2.3.jar;D:\maven\repository\net\minidev\accessors-smart\1.2\accessors-smart-1.2.jar;D:\maven\repository\org\ow2\asm\asm\5.0.4\asm-5.0.4.jar;D:\maven\repository\jakarta\xml\bind\jakarta.xml.bind-api\2.3.2\jakarta.xml.bind-api-2.3.2.jar;D:\maven\repository\jakarta\activation\jakarta.activation-api\1.2.2\jakarta.activation-api-1.2.2.jar;D:\maven\repository\org\junit\jupiter\junit-jupiter\5.5.2\junit-jupiter-5.5.2.jar;D:\maven\repository\org\junit\jupiter\junit-jupiter-api\5.5.2\junit-jupiter-api-5.5.2.jar;D:\maven\repository\org\apiguardian\apiguardian-api\1.1.0\apiguardian-api-1.1.0.jar;D:\maven\repository\org\opentest4j\opentest4j\1.2.0\opentest4j-1.2.0.jar;D:\maven\repository\org\junit\platform\junit-platform-commons\1.5.2\junit-platform-commons-1.5.2.jar;D:\maven\repository\org\junit\jupiter\junit-jupiter-params\5.5.2\junit-jupiter-params-5.5.2.jar;D:\maven\repository\org\junit\jupiter\junit-jupiter-engine\5.5.2\junit-jupiter-engine-5.5.2.jar;D:\maven\repository\org\junit\platform\junit-platform-engine\1.5.2\junit-platform-engine-1.5.2.jar;D:\maven\repository\org\mockito\mockito-junit-jupiter\3.1.0\mockito-junit-jupiter-3.1.0.jar;D:\maven\repository\org\assertj\assertj-core\3.13.2\assertj-core-3.13.2.jar;D:\maven\repository\org\hamcrest\hamcrest\2.1\hamcrest-2.1.jar;D:\maven\repository\org\mockito\mockito-core\3.1.0\mockito-core-3.1.0.jar;D:\maven\repository\net\bytebuddy\byte-buddy\1.10.8\byte-buddy-1.10.8.jar;D:\maven\repository\net\bytebuddy\byte-buddy-agent\1.10.8\byte-buddy-agent-1.10.8.jar;D:\maven\repository\org\objenesis\objenesis\2.6\objenesis-2.6.jar;D:\maven\repository\org\skyscreamer\jsonassert\1.5.0\jsonassert-1.5.0.jar;D:\maven\repository\com\vaadin\external\google\android-json\0.0.20131108.vaadin1\android-json-0.0.20131108.vaadin1.jar;D:\maven\repository\org\springframework\spring-core\5.2.4.RELEASE\spring-core-5.2.4.RELEASE.jar;D:\maven\repository\org\springframework\spring-jcl\5.2.4.RELEASE\spring-jcl-5.2.4.RELEASE.jar;D:\maven\repository\org\springframework\spring-test\5.2.4.RELEASE\spring-test-5.2.4.RELEASE.jar;D:\maven\repository\org\xmlunit\xmlunit-core\2.6.3\xmlunit-core-2.6.3.jar;D:\maven\repository\com\atlassian\commonmark\commonmark\0.10.0\commonmark-0.10.0.jar;D:\maven\repository\com\atlassian\commonmark\commonmark-ext-heading-anchor\0.10.0\commonmark-ext-heading-anchor-0.10.0.jar;D:\maven\repository\com\atlassian\commonmark\commonmark-ext-gfm-tables\0.10.0\commonmark-ext-gfm-tables-0.10.0.jar;D:\maven\repository\com\github\pagehelper\pagehelper-spring-boot-starter\1.2.12\pagehelper-spring-boot-starter-1.2.12.jar;D:\maven\repository\com\github\pagehelper\pagehelper-spring-boot-autoconfigure\1.2.12\pagehelper-spring-boot-autoconfigure-1.2.12.jar;D:\maven\repository\com\github\pagehelper\pagehelper\5.1.10\pagehelper-5.1.10.jar;D:\maven\repository\com\github\jsqlparser\jsqlparser\2.0\jsqlparser-2.0.jar;D:\maven\repository\org\projectlombok\lombok\1.18.20\lombok-1.18.20.jar;D:\maven\repository\org\springframework\boot\spring-boot-configuration-processor\2.2.5.RELEASE\spring-boot-configuration-processor-2.2.5.RELEASE.jar;D:\maven\repository\com\alipay\sdk\alipay-sdk-java\4.9.28.ALL\alipay-sdk-java-4.9.28.ALL.jar;D:\maven\repository\commons-logging\commons-logging\1.1.1\commons-logging-1.1.1.jar;D:\maven\repository\org\bouncycastle\bcprov-jdk15on\1.62\bcprov-jdk15on-1.62.jar;"/>
    <property name="sun.cpu.endian" value="little"/>
    <property name="user.home" value="C:\Users\Administrator"/>
    <property name="user.language" value="zh"/>
    <property name="java.specification.vendor" value="Oracle Corporation"/>
    <property name="java.version.date" value="2019-04-16"/>
    <property name="idea.version2019.2.2" value="true"/>
    <property name="java.home" value="C:\Program Files\JetBrains\IntelliJ IDEA 2019.2.2\jbr"/>
    <property name="file.separator" value="\"/>
    <property name="basedir" value="D:\maven\springboot\github项目资源\myblog-mybatis-master"/>
    <property name="java.vm.compressedOopsMode" value="32-bit"/>
    <property name="line.separator" value="&#10;"/>
    <property name="java.specification.name" value="Java Platform API Specification"/>
    <property name="java.vm.specification.vendor" value="Oracle Corporation"/>
    <property name="java.awt.graphicsenv" value="sun.awt.Win32GraphicsEnvironment"/>
    <property name="surefire.real.class.path" value="C:\Users\ADMINI~1\AppData\Local\Temp\surefire5798587643480488059\surefirebooter555110863207225133.jar"/>
    <property name="user.script" value=""/>
    <property name="sun.management.compiler" value="HotSpot 64-Bit Tiered Compilers"/>
    <property name="java.runtime.version" value="11.0.3+12-b304.56"/>
    <property name="user.name" value="Administrator"/>
    <property name="path.separator" value=";"/>
    <property name="os.version" value="6.1"/>
    <property name="java.runtime.name" value="OpenJDK Runtime Environment"/>
    <property name="file.encoding" value="GBK"/>
    <property name="java.vm.name" value="OpenJDK 64-Bit Server VM"/>
    <property name="localRepository" value="D:\maven\repository"/>
    <property name="java.vendor.url.bug" value="https://youtrack.jetbrains.com"/>
    <property name="java.io.tmpdir" value="C:\Users\ADMINI~1\AppData\Local\Temp\"/>
    <property name="java.version" value="11.0.3"/>
    <property name="user.dir" value="D:\maven\springboot\github项目资源\myblog-mybatis-master"/>
    <property name="os.arch" value="amd64"/>
    <property name="java.vm.specification.name" value="Java Virtual Machine Specification"/>
    <property name="java.awt.printerjob" value="sun.awt.windows.WPrinterJob"/>
    <property name="sun.os.patch.level" value="Service Pack 1"/>
    <property name="java.library.path" value="C:\Program Files\JetBrains\IntelliJ IDEA 2019.2.2\jbr\bin;C:\windows\Sun\Java\bin;C:\windows\system32;C:\windows;D:\maven\apache-maven-3.3.9\bin;C:\Program Files\Java\jdk1.8.0_221\bin;C:\Program Files (x86)\Common Files\Oracle\Java\javapath;C:\windows\system32;C:\windows;C:\windows\System32\Wbem;C:\windows\System32\WindowsPowerShell\v1.0\;C:\Program Files (x86)\NVIDIA Corporation\PhysX\Common;C:\Program Files\MySQL\MySQL Server 5.5\bin;D:\git\setup\Git\cmd;C:\Program Files (x86)\NetSarang\Xftp 7\;d:\rational\common;C:\Program Files (x86)\NetSarang\Xshell 7\;D:\nodejs\;C:\Program Files\Microsoft SQL Server\110\DTS\Binn\;C:\Program Files (x86)\Microsoft SQL Server\110\Tools\Binn\;C:\Program Files\Microsoft SQL Server\110\Tools\Binn\;C:\Program Files (x86)\Microsoft SQL Server\110\Tools\Binn\ManagementStudio\;C:\Program Files (x86)\Microsoft Visual Studio 10.0\Common7\IDE\PrivateAssemblies\;C:\Program Files (x86)\Microsoft SQL Server\110\DTS\Binn\;C:\Users\Administrator\AppData\Local\Programs\Python\Python38\Scripts\;C:\Users\Administrator\AppData\Local\Programs\Python\Python38\;C:\Users\Administrator\anaconda3;C:\Users\Administrator\anaconda3\Library\mingw-w64\bin;C:\Users\Administrator\anaconda3\Library\usr\bin;C:\Users\Administrator\anaconda3\Library\bin;C:\Users\Administrator\anaconda3\Scripts;C:\Program Files\Scripts\;C:\Program Files\;C:\Users\Administrator\AppData\Roaming\npm;."/>
    <property name="java.vendor" value="JetBrains s.r.o"/>
    <property name="java.vm.info" value="mixed mode, sharing"/>
    <property name="java.vm.version" value="11.0.3+12-b304.56"/>
    <property name="sun.io.unicode.encoding" value="UnicodeLittle"/>
    <property name="java.class.version" value="55.0"/>
  </properties>
  <testcase name="contextLoads" classname="com.gy.MyblogApplicationTests" time="1.523"/>
</testsuite>